2023-04-25 13:43:06 [Worker-6: Executing the early startup extensions] INFO  eu.jsparrow.ui.a - Starting jSparrow
2023-04-25 13:48:01 [Framework stop - Equinox Container: 7c96257b-289b-4743-bb69-de0c766ba578] INFO  eu.jsparrow.ui.a - Stopping jSparrow
2023-04-25 13:51:50 [Worker-4: Executing the early startup extensions] INFO  eu.jsparrow.ui.a - Starting jSparrow
2023-04-25 14:01:31 [Framework stop - Equinox Container: 1c1a6e1a-aec7-4c8b-8b4f-85fff162dd7e] INFO  eu.jsparrow.ui.a - Stopping jSparrow
2023-04-25 20:10:41 [Worker-5: Executing the early startup extensions] INFO  eu.jsparrow.ui.a - Starting jSparrow
2023-04-25 20:28:46 [Worker-21: jsparrow.marker] ERROR eu.jsparrow.ui.K - Cannot run MarkerJob
org.eclipse.core.internal.resources.ResourceException: Resource '/PubliUcoEntities/src/co/edu/uco/publiuco/entities/EstadoTipoRelacionInstitucionDTO.java' does not exist.
	at org.eclipse.core.internal.resources.Resource.checkExists(Resource.java:330)
	at org.eclipse.core.internal.resources.Resource.checkAccessible(Resource.java:204)
	at org.eclipse.core.internal.resources.Resource.deleteMarkers(Resource.java:810)
	at eu.jsparrow.ui.I.e(SourceFile:105)
	at eu.jsparrow.ui.H.a(SourceFile:147)
	at eu.jsparrow.ui.K.runInWorkspace(SourceFile:38)
	at org.eclipse.core.internal.resources.InternalWorkspaceJob.run(InternalWorkspaceJob.java:43)
	at org.eclipse.core.internal.jobs.Worker.run(Worker.java:63)
Caused by: java.lang.Exception: Resource '/PubliUcoEntities/src/co/edu/uco/publiuco/entities/EstadoTipoRelacionInstitucionDTO.java' does not exist.
	at org.eclipse.core.internal.resources.ResourceException.provideStackTrace(ResourceException.java:42)
	at org.eclipse.core.internal.resources.ResourceException.<init>(ResourceException.java:38)
	... 8 common frames omitted
2023-04-25 23:01:51 [Framework stop - Equinox Container: eaab6f0d-b642-4990-9a49-e96c93cc6da2] INFO  eu.jsparrow.ui.a - Stopping jSparrow
2023-04-26 21:39:32 [Worker-0: Executing the early startup extensions] INFO  eu.jsparrow.ui.a - Starting jSparrow
2023-04-27 12:52:42 [Framework stop - Equinox Container: 9a4faa8d-f9b9-49b8-a862-144be44393fa] INFO  eu.jsparrow.ui.a - Stopping jSparrow
2023-04-27 12:54:10 [Worker-4: Executing the early startup extensions] INFO  eu.jsparrow.ui.a - Starting jSparrow
2023-04-27 23:36:18 [Worker-45: jsparrow.marker] ERROR eu.jsparrow.ui.K - Cannot run MarkerJob
org.eclipse.core.internal.resources.ResourceException: Resource '/PubliUcoDTO/src/co/edu/uco/publiuco/dto/EstadoVersion.java' does not exist.
	at org.eclipse.core.internal.resources.Resource.checkExists(Resource.java:330)
	at org.eclipse.core.internal.resources.Resource.checkAccessible(Resource.java:204)
	at org.eclipse.core.internal.resources.Resource.deleteMarkers(Resource.java:810)
	at eu.jsparrow.ui.I.e(SourceFile:105)
	at eu.jsparrow.ui.H.a(SourceFile:147)
	at eu.jsparrow.ui.K.runInWorkspace(SourceFile:38)
	at org.eclipse.core.internal.resources.InternalWorkspaceJob.run(InternalWorkspaceJob.java:43)
	at org.eclipse.core.internal.jobs.Worker.run(Worker.java:63)
Caused by: java.lang.Exception: Resource '/PubliUcoDTO/src/co/edu/uco/publiuco/dto/EstadoVersion.java' does not exist.
	at org.eclipse.core.internal.resources.ResourceException.provideStackTrace(ResourceException.java:42)
	at org.eclipse.core.internal.resources.ResourceException.<init>(ResourceException.java:38)
	... 8 common frames omitted
2023-04-27 23:37:29 [Worker-44: jsparrow.marker] ERROR eu.jsparrow.ui.K - Cannot run MarkerJob
org.eclipse.core.internal.resources.ResourceException: Resource '/PubliUcoDTO/src/co/edu/uco/publiuco/dto/EstadoTipoEscritor.java' does not exist.
	at org.eclipse.core.internal.resources.Resource.checkExists(Resource.java:330)
	at org.eclipse.core.internal.resources.Resource.checkAccessible(Resource.java:204)
	at org.eclipse.core.internal.resources.Resource.deleteMarkers(Resource.java:810)
	at eu.jsparrow.ui.I.e(SourceFile:105)
	at eu.jsparrow.ui.H.a(SourceFile:147)
	at eu.jsparrow.ui.K.runInWorkspace(SourceFile:38)
	at org.eclipse.core.internal.resources.InternalWorkspaceJob.run(InternalWorkspaceJob.java:43)
	at org.eclipse.core.internal.jobs.Worker.run(Worker.java:63)
Caused by: java.lang.Exception: Resource '/PubliUcoDTO/src/co/edu/uco/publiuco/dto/EstadoTipoEscritor.java' does not exist.
	at org.eclipse.core.internal.resources.ResourceException.provideStackTrace(ResourceException.java:42)
	at org.eclipse.core.internal.resources.ResourceException.<init>(ResourceException.java:38)
	... 8 common frames omitted
2023-04-27 23:48:17 [Worker-49: jsparrow.marker] ERROR eu.jsparrow.ui.K - Cannot run MarkerJob
org.eclipse.core.internal.resources.ResourceException: Resource '/PubliUcoDTO/src/co/edu/uco/publiuco/dto/EstadoEscritor.java' does not exist.
	at org.eclipse.core.internal.resources.Resource.checkExists(Resource.java:330)
	at org.eclipse.core.internal.resources.Resource.checkAccessible(Resource.java:204)
	at org.eclipse.core.internal.resources.Resource.deleteMarkers(Resource.java:810)
	at eu.jsparrow.ui.I.e(SourceFile:105)
	at eu.jsparrow.ui.H.a(SourceFile:147)
	at eu.jsparrow.ui.K.runInWorkspace(SourceFile:38)
	at org.eclipse.core.internal.resources.InternalWorkspaceJob.run(InternalWorkspaceJob.java:43)
	at org.eclipse.core.internal.jobs.Worker.run(Worker.java:63)
Caused by: java.lang.Exception: Resource '/PubliUcoDTO/src/co/edu/uco/publiuco/dto/EstadoEscritor.java' does not exist.
	at org.eclipse.core.internal.resources.ResourceException.provideStackTrace(ResourceException.java:42)
	at org.eclipse.core.internal.resources.ResourceException.<init>(ResourceException.java:38)
	... 8 common frames omitted
2023-04-28 05:37:16 [Framework stop - Equinox Container: 24c0a77c-14dc-42fd-938d-e86763ba43fc] INFO  eu.jsparrow.ui.a - Stopping jSparrow
2023-04-28 13:34:48 [Worker-0: Executing the early startup extensions] INFO  eu.jsparrow.ui.a - Starting jSparrow
2023-04-28 15:39:32 [Framework stop - Equinox Container: 2a7bf8ca-eb9d-463d-835d-45182796b3cf] INFO  eu.jsparrow.ui.a - Stopping jSparrow
