2023-04-21 22:54:18,327 [Worker-4: Loading available Gradle versions] INFO  o.e.b.c.i.u.g.PublishedGradleVersions - Gradle version information cache is up-to-date. Trying to read.
2023-04-22 18:02:58,900 [Worker-0: Loading available Gradle versions] INFO  o.e.b.c.i.u.g.PublishedGradleVersions - Gradle version information cache is up-to-date. Trying to read.
2023-04-22 18:11:47,528 [Worker-2: Enabling Maven Dependency Management] INFO  o.e.m.c.i.l.LifecycleMappingFactory - Using org.eclipse.m2e.jdt.JarLifecycleMapping lifecycle mapping for MavenProject: co.edu.uco.publiuco:PubliUcoCrossCutting:0.0.1-SNAPSHOT @ C:\WorkSpace\Eclipse\WorkSpaceEclipse\PubliUco\PubliUcoCrossCutting\pom.xml.
2023-04-22 18:11:51,318 [Worker-16: Building] WARN  o.e.m.c.i.embedder.EclipseLogger - Using platform encoding (Cp1252 actually) to copy filtered resources, i.e. build is platform dependent!
2023-04-22 18:11:51,321 [Worker-16: Building] INFO  o.e.m.c.i.embedder.EclipseLogger - skip non existing resourceDirectory C:\WorkSpace\Eclipse\WorkSpaceEclipse\PubliUco\PubliUcoCrossCutting\src\main\resources
2023-04-22 18:11:51,329 [Worker-16: Building] WARN  o.e.m.c.i.embedder.EclipseLogger - Using platform encoding (Cp1252 actually) to copy filtered resources, i.e. build is platform dependent!
2023-04-22 18:11:51,330 [Worker-16: Building] INFO  o.e.m.c.i.embedder.EclipseLogger - skip non existing resourceDirectory C:\WorkSpace\Eclipse\WorkSpaceEclipse\PubliUco\PubliUcoCrossCutting\src\test\resources
2023-04-22 18:11:51,727 [Worker-2: Enabling Maven Dependency Management] INFO  o.e.m.j.i.AbstractJavaProjectConfigurator - Adding source folder /PubliUcoCrossCutting/src
2023-04-22 18:11:51,728 [Worker-2: Enabling Maven Dependency Management] INFO  o.e.m.j.i.AbstractJavaProjectConfigurator - Not adding source folder /PubliUcoCrossCutting/src/test/java because it overlaps with /PubliUcoCrossCutting/src
2023-04-22 18:11:51,729 [Worker-2: Enabling Maven Dependency Management] ERROR o.e.m.j.i.AbstractJavaProjectConfigurator - Failed to find a compatible VM for environment id 'JavaSE-19', falling back to workspace default
2023-04-22 18:11:52,178 [Worker-2: Enabling Maven Dependency Management] INFO  o.e.m.c.i.p.ProjectConfigurationManager - Update started
2023-04-22 18:11:52,932 [Worker-2: Enabling Maven Dependency Management] INFO  o.e.m.c.i.l.LifecycleMappingFactory - Using org.eclipse.m2e.jdt.JarLifecycleMapping lifecycle mapping for MavenProject: co.edu.uco.publiuco:PubliUcoCrossCutting:0.0.1-SNAPSHOT @ C:\WorkSpace\Eclipse\WorkSpaceEclipse\PubliUco\PubliUcoCrossCutting\pom.xml.
2023-04-22 18:11:53,326 [Worker-10: Building] WARN  o.e.m.c.i.embedder.EclipseLogger - Using platform encoding (Cp1252 actually) to copy filtered resources, i.e. build is platform dependent!
2023-04-22 18:11:53,329 [Worker-10: Building] INFO  o.e.m.c.i.embedder.EclipseLogger - skip non existing resourceDirectory C:\WorkSpace\Eclipse\WorkSpaceEclipse\PubliUco\PubliUcoCrossCutting\src\main\resources
2023-04-22 18:11:53,338 [Worker-10: Building] WARN  o.e.m.c.i.embedder.EclipseLogger - Using platform encoding (Cp1252 actually) to copy filtered resources, i.e. build is platform dependent!
2023-04-22 18:11:53,341 [Worker-10: Building] INFO  o.e.m.c.i.embedder.EclipseLogger - skip non existing resourceDirectory C:\WorkSpace\Eclipse\WorkSpaceEclipse\PubliUco\PubliUcoCrossCutting\src\test\resources
2023-04-22 18:11:53,795 [Worker-2: Enabling Maven Dependency Management] INFO  o.e.m.j.i.AbstractJavaProjectConfigurator - Adding source folder /PubliUcoCrossCutting/src
2023-04-22 18:11:53,796 [Worker-2: Enabling Maven Dependency Management] INFO  o.e.m.j.i.AbstractJavaProjectConfigurator - Not adding source folder /PubliUcoCrossCutting/src/test/java because it overlaps with /PubliUcoCrossCutting/src
2023-04-22 18:11:53,796 [Worker-2: Enabling Maven Dependency Management] ERROR o.e.m.j.i.AbstractJavaProjectConfigurator - Failed to find a compatible VM for environment id 'JavaSE-19', falling back to workspace default
2023-04-22 18:11:54,062 [Worker-2: Enabling Maven Dependency Management] INFO  o.e.m.c.i.p.ProjectConfigurationManager - Update completed for 1 poms: local refresh takes 0,00 sec, refresh facades takes 0,00 sec, update config takes 1,00 sec 
2023-04-22 18:11:54,176 [Worker-10: Building] WARN  o.e.m.c.i.embedder.EclipseLogger - Using platform encoding (Cp1252 actually) to copy filtered resources, i.e. build is platform dependent!
2023-04-22 18:11:54,177 [Worker-10: Building] INFO  o.e.m.c.i.embedder.EclipseLogger - skip non existing resourceDirectory C:\WorkSpace\Eclipse\WorkSpaceEclipse\PubliUco\PubliUcoCrossCutting\src\main\resources
2023-04-22 18:11:54,185 [Worker-10: Building] WARN  o.e.m.c.i.embedder.EclipseLogger - Using platform encoding (Cp1252 actually) to copy filtered resources, i.e. build is platform dependent!
2023-04-22 18:11:54,187 [Worker-10: Building] INFO  o.e.m.c.i.embedder.EclipseLogger - skip non existing resourceDirectory C:\WorkSpace\Eclipse\WorkSpaceEclipse\PubliUco\PubliUcoCrossCutting\src\test\resources
2023-04-22 18:15:47,223 [Worker-21: Enabling Maven Dependency Management] INFO  o.e.m.c.i.l.LifecycleMappingFactory - Using org.eclipse.m2e.jdt.JarLifecycleMapping lifecycle mapping for MavenProject: co.edu.uco.publiuco:PubliUcoDTO:0.0.1-SNAPSHOT @ C:\WorkSpace\Eclipse\WorkSpaceEclipse\PubliUco\PubliUcoDTO\pom.xml.
2023-04-22 18:15:48,290 [Worker-21: Enabling Maven Dependency Management] INFO  o.e.m.j.i.AbstractJavaProjectConfigurator - Adding source folder /PubliUcoDTO/src
2023-04-22 18:15:48,294 [Worker-21: Enabling Maven Dependency Management] INFO  o.e.m.j.i.AbstractJavaProjectConfigurator - Not adding source folder /PubliUcoDTO/src/test/java because it overlaps with /PubliUcoDTO/src
2023-04-22 18:15:48,297 [Worker-21: Enabling Maven Dependency Management] ERROR o.e.m.j.i.AbstractJavaProjectConfigurator - Failed to find a compatible VM for environment id 'JavaSE-19', falling back to workspace default
2023-04-22 18:15:49,207 [Worker-21: Enabling Maven Dependency Management] INFO  o.e.m.c.i.p.ProjectConfigurationManager - Update started
2023-04-22 18:15:49,424 [Worker-21: Enabling Maven Dependency Management] INFO  o.e.m.c.i.l.LifecycleMappingFactory - Using org.eclipse.m2e.jdt.JarLifecycleMapping lifecycle mapping for MavenProject: co.edu.uco.publiuco:PubliUcoDTO:0.0.1-SNAPSHOT @ C:\WorkSpace\Eclipse\WorkSpaceEclipse\PubliUco\PubliUcoDTO\pom.xml.
2023-04-22 18:15:49,583 [Worker-21: Enabling Maven Dependency Management] INFO  o.e.m.j.i.AbstractJavaProjectConfigurator - Adding source folder /PubliUcoDTO/src
2023-04-22 18:15:49,584 [Worker-21: Enabling Maven Dependency Management] INFO  o.e.m.j.i.AbstractJavaProjectConfigurator - Not adding source folder /PubliUcoDTO/src/test/java because it overlaps with /PubliUcoDTO/src
2023-04-22 18:15:49,590 [Worker-21: Enabling Maven Dependency Management] ERROR o.e.m.j.i.AbstractJavaProjectConfigurator - Failed to find a compatible VM for environment id 'JavaSE-19', falling back to workspace default
2023-04-22 18:15:50,024 [Worker-21: Enabling Maven Dependency Management] INFO  o.e.m.c.i.p.ProjectConfigurationManager - Update completed for 1 poms: local refresh takes 0,00 sec, refresh facades takes 0,00 sec, update config takes 0,00 sec 
2023-04-22 18:15:50,143 [Worker-22: Building] WARN  o.e.m.c.i.embedder.EclipseLogger - Using platform encoding (Cp1252 actually) to copy filtered resources, i.e. build is platform dependent!
2023-04-22 18:15:50,146 [Worker-22: Building] INFO  o.e.m.c.i.embedder.EclipseLogger - skip non existing resourceDirectory C:\WorkSpace\Eclipse\WorkSpaceEclipse\PubliUco\PubliUcoDTO\src\main\resources
2023-04-22 18:15:50,151 [Worker-22: Building] WARN  o.e.m.c.i.embedder.EclipseLogger - Using platform encoding (Cp1252 actually) to copy filtered resources, i.e. build is platform dependent!
2023-04-22 18:15:50,152 [Worker-22: Building] INFO  o.e.m.c.i.embedder.EclipseLogger - skip non existing resourceDirectory C:\WorkSpace\Eclipse\WorkSpaceEclipse\PubliUco\PubliUcoDTO\src\test\resources
2023-04-22 18:17:46,226 [Worker-26: Enabling Maven Dependency Management] INFO  o.e.m.c.i.l.LifecycleMappingFactory - Using org.eclipse.m2e.jdt.JarLifecycleMapping lifecycle mapping for MavenProject: co.edu.uco.publiuco:PubliUcoEntities:0.0.1-SNAPSHOT @ C:\WorkSpace\Eclipse\WorkSpaceEclipse\PubliUco\PubliUcoEntities\pom.xml.
2023-04-22 18:17:47,184 [Worker-26: Enabling Maven Dependency Management] INFO  o.e.m.j.i.AbstractJavaProjectConfigurator - Adding source folder /PubliUcoEntities/src
2023-04-22 18:17:47,185 [Worker-26: Enabling Maven Dependency Management] INFO  o.e.m.j.i.AbstractJavaProjectConfigurator - Not adding source folder /PubliUcoEntities/src/test/java because it overlaps with /PubliUcoEntities/src
2023-04-22 18:17:47,186 [Worker-26: Enabling Maven Dependency Management] ERROR o.e.m.j.i.AbstractJavaProjectConfigurator - Failed to find a compatible VM for environment id 'JavaSE-19', falling back to workspace default
2023-04-22 18:17:47,465 [Worker-26: Enabling Maven Dependency Management] INFO  o.e.m.c.i.p.ProjectConfigurationManager - Update started
2023-04-22 18:17:47,582 [Worker-26: Enabling Maven Dependency Management] INFO  o.e.m.c.i.l.LifecycleMappingFactory - Using org.eclipse.m2e.jdt.JarLifecycleMapping lifecycle mapping for MavenProject: co.edu.uco.publiuco:PubliUcoEntities:0.0.1-SNAPSHOT @ C:\WorkSpace\Eclipse\WorkSpaceEclipse\PubliUco\PubliUcoEntities\pom.xml.
2023-04-22 18:17:47,737 [Worker-26: Enabling Maven Dependency Management] INFO  o.e.m.j.i.AbstractJavaProjectConfigurator - Adding source folder /PubliUcoEntities/src
2023-04-22 18:17:47,741 [Worker-26: Enabling Maven Dependency Management] INFO  o.e.m.j.i.AbstractJavaProjectConfigurator - Not adding source folder /PubliUcoEntities/src/test/java because it overlaps with /PubliUcoEntities/src
2023-04-22 18:17:47,741 [Worker-26: Enabling Maven Dependency Management] ERROR o.e.m.j.i.AbstractJavaProjectConfigurator - Failed to find a compatible VM for environment id 'JavaSE-19', falling back to workspace default
2023-04-22 18:17:47,966 [Worker-26: Enabling Maven Dependency Management] INFO  o.e.m.c.i.p.ProjectConfigurationManager - Update completed for 1 poms: local refresh takes 0,00 sec, refresh facades takes 0,00 sec, update config takes 0,00 sec 
2023-04-22 18:17:48,083 [Worker-29: Building] WARN  o.e.m.c.i.embedder.EclipseLogger - Using platform encoding (Cp1252 actually) to copy filtered resources, i.e. build is platform dependent!
2023-04-22 18:17:48,085 [Worker-29: Building] INFO  o.e.m.c.i.embedder.EclipseLogger - skip non existing resourceDirectory C:\WorkSpace\Eclipse\WorkSpaceEclipse\PubliUco\PubliUcoEntities\src\main\resources
2023-04-22 18:17:48,088 [Worker-29: Building] WARN  o.e.m.c.i.embedder.EclipseLogger - Using platform encoding (Cp1252 actually) to copy filtered resources, i.e. build is platform dependent!
2023-04-22 18:17:48,090 [Worker-29: Building] INFO  o.e.m.c.i.embedder.EclipseLogger - skip non existing resourceDirectory C:\WorkSpace\Eclipse\WorkSpaceEclipse\PubliUco\PubliUcoEntities\src\test\resources
2023-04-22 18:19:42,208 [Worker-30: Enabling Maven Dependency Management] INFO  o.e.m.c.i.l.LifecycleMappingFactory - Using org.eclipse.m2e.jdt.JarLifecycleMapping lifecycle mapping for MavenProject: co.edu.uco.publiuco:PubliUcoData:0.0.1-SNAPSHOT @ C:\WorkSpace\Eclipse\WorkSpaceEclipse\PubliUco\PubliUcoData\pom.xml.
2023-04-22 18:19:42,687 [Worker-30: Enabling Maven Dependency Management] INFO  o.e.m.j.i.AbstractJavaProjectConfigurator - Adding source folder /PubliUcoData/src
2023-04-22 18:19:42,709 [Worker-30: Enabling Maven Dependency Management] INFO  o.e.m.j.i.AbstractJavaProjectConfigurator - Not adding source folder /PubliUcoData/src/test/java because it overlaps with /PubliUcoData/src
2023-04-22 18:19:42,710 [Worker-30: Enabling Maven Dependency Management] ERROR o.e.m.j.i.AbstractJavaProjectConfigurator - Failed to find a compatible VM for environment id 'JavaSE-19', falling back to workspace default
2023-04-22 18:19:43,050 [Worker-32: Building] WARN  o.e.m.c.i.embedder.EclipseLogger - Using platform encoding (Cp1252 actually) to copy filtered resources, i.e. build is platform dependent!
2023-04-22 18:19:43,053 [Worker-32: Building] INFO  o.e.m.c.i.embedder.EclipseLogger - skip non existing resourceDirectory C:\WorkSpace\Eclipse\WorkSpaceEclipse\PubliUco\PubliUcoData\src\main\resources
2023-04-22 18:19:43,055 [Worker-32: Building] WARN  o.e.m.c.i.embedder.EclipseLogger - Using platform encoding (Cp1252 actually) to copy filtered resources, i.e. build is platform dependent!
2023-04-22 18:19:43,056 [Worker-32: Building] INFO  o.e.m.c.i.embedder.EclipseLogger - skip non existing resourceDirectory C:\WorkSpace\Eclipse\WorkSpaceEclipse\PubliUco\PubliUcoData\src\test\resources
2023-04-22 18:19:43,267 [Worker-30: Enabling Maven Dependency Management] INFO  o.e.m.c.i.p.ProjectConfigurationManager - Update started
2023-04-22 18:19:43,352 [Worker-30: Enabling Maven Dependency Management] INFO  o.e.m.c.i.l.LifecycleMappingFactory - Using org.eclipse.m2e.jdt.JarLifecycleMapping lifecycle mapping for MavenProject: co.edu.uco.publiuco:PubliUcoData:0.0.1-SNAPSHOT @ C:\WorkSpace\Eclipse\WorkSpaceEclipse\PubliUco\PubliUcoData\pom.xml.
2023-04-22 18:19:43,501 [Worker-30: Enabling Maven Dependency Management] INFO  o.e.m.j.i.AbstractJavaProjectConfigurator - Adding source folder /PubliUcoData/src
2023-04-22 18:19:43,503 [Worker-30: Enabling Maven Dependency Management] INFO  o.e.m.j.i.AbstractJavaProjectConfigurator - Not adding source folder /PubliUcoData/src/test/java because it overlaps with /PubliUcoData/src
2023-04-22 18:19:43,503 [Worker-30: Enabling Maven Dependency Management] ERROR o.e.m.j.i.AbstractJavaProjectConfigurator - Failed to find a compatible VM for environment id 'JavaSE-19', falling back to workspace default
2023-04-22 18:19:43,664 [Worker-30: Enabling Maven Dependency Management] INFO  o.e.m.c.i.p.ProjectConfigurationManager - Update completed for 1 poms: local refresh takes 0,00 sec, refresh facades takes 0,00 sec, update config takes 0,00 sec 
2023-04-22 18:19:43,777 [Worker-31: Building] WARN  o.e.m.c.i.embedder.EclipseLogger - Using platform encoding (Cp1252 actually) to copy filtered resources, i.e. build is platform dependent!
2023-04-22 18:19:43,778 [Worker-31: Building] INFO  o.e.m.c.i.embedder.EclipseLogger - skip non existing resourceDirectory C:\WorkSpace\Eclipse\WorkSpaceEclipse\PubliUco\PubliUcoData\src\main\resources
2023-04-22 18:19:43,781 [Worker-31: Building] WARN  o.e.m.c.i.embedder.EclipseLogger - Using platform encoding (Cp1252 actually) to copy filtered resources, i.e. build is platform dependent!
2023-04-22 18:19:43,783 [Worker-31: Building] INFO  o.e.m.c.i.embedder.EclipseLogger - skip non existing resourceDirectory C:\WorkSpace\Eclipse\WorkSpaceEclipse\PubliUco\PubliUcoData\src\test\resources
2023-04-22 18:23:12,884 [Worker-32: Enabling Maven Dependency Management] INFO  o.e.m.c.i.l.LifecycleMappingFactory - Using org.eclipse.m2e.jdt.JarLifecycleMapping lifecycle mapping for MavenProject: co.edu.uco.publiuco:PubliUcoBusiness:0.0.1-SNAPSHOT @ C:\WorkSpace\Eclipse\WorkSpaceEclipse\PubliUco\PubliUcoBusiness\pom.xml.
2023-04-22 18:23:13,447 [Worker-32: Enabling Maven Dependency Management] INFO  o.e.m.j.i.AbstractJavaProjectConfigurator - Adding source folder /PubliUcoBusiness/src
2023-04-22 18:23:13,448 [Worker-32: Enabling Maven Dependency Management] INFO  o.e.m.j.i.AbstractJavaProjectConfigurator - Not adding source folder /PubliUcoBusiness/src/test/java because it overlaps with /PubliUcoBusiness/src
2023-04-22 18:23:13,448 [Worker-32: Enabling Maven Dependency Management] ERROR o.e.m.j.i.AbstractJavaProjectConfigurator - Failed to find a compatible VM for environment id 'JavaSE-19', falling back to workspace default
2023-04-22 18:23:13,677 [Worker-32: Enabling Maven Dependency Management] INFO  o.e.m.c.i.p.ProjectConfigurationManager - Update started
2023-04-22 18:23:13,786 [Worker-32: Enabling Maven Dependency Management] INFO  o.e.m.c.i.l.LifecycleMappingFactory - Using org.eclipse.m2e.jdt.JarLifecycleMapping lifecycle mapping for MavenProject: co.edu.uco.publiuco:PubliUcoBusiness:0.0.1-SNAPSHOT @ C:\WorkSpace\Eclipse\WorkSpaceEclipse\PubliUco\PubliUcoBusiness\pom.xml.
2023-04-22 18:23:13,929 [Worker-32: Enabling Maven Dependency Management] INFO  o.e.m.j.i.AbstractJavaProjectConfigurator - Adding source folder /PubliUcoBusiness/src
2023-04-22 18:23:13,931 [Worker-32: Enabling Maven Dependency Management] INFO  o.e.m.j.i.AbstractJavaProjectConfigurator - Not adding source folder /PubliUcoBusiness/src/test/java because it overlaps with /PubliUcoBusiness/src
2023-04-22 18:23:13,931 [Worker-32: Enabling Maven Dependency Management] ERROR o.e.m.j.i.AbstractJavaProjectConfigurator - Failed to find a compatible VM for environment id 'JavaSE-19', falling back to workspace default
2023-04-22 18:23:14,093 [Worker-32: Enabling Maven Dependency Management] INFO  o.e.m.c.i.p.ProjectConfigurationManager - Update completed for 1 poms: local refresh takes 0,00 sec, refresh facades takes 0,00 sec, update config takes 0,00 sec 
2023-04-22 18:23:14,224 [Worker-25: Building] WARN  o.e.m.c.i.embedder.EclipseLogger - Using platform encoding (Cp1252 actually) to copy filtered resources, i.e. build is platform dependent!
2023-04-22 18:23:14,226 [Worker-25: Building] INFO  o.e.m.c.i.embedder.EclipseLogger - skip non existing resourceDirectory C:\WorkSpace\Eclipse\WorkSpaceEclipse\PubliUco\PubliUcoBusiness\src\main\resources
2023-04-22 18:23:14,230 [Worker-25: Building] WARN  o.e.m.c.i.embedder.EclipseLogger - Using platform encoding (Cp1252 actually) to copy filtered resources, i.e. build is platform dependent!
2023-04-22 18:23:14,232 [Worker-25: Building] INFO  o.e.m.c.i.embedder.EclipseLogger - skip non existing resourceDirectory C:\WorkSpace\Eclipse\WorkSpaceEclipse\PubliUco\PubliUcoBusiness\src\test\resources
2023-04-22 20:17:18,686 [Worker-52: Building] WARN  o.e.m.c.i.embedder.EclipseLogger - Using platform encoding (Cp1252 actually) to copy filtered resources, i.e. build is platform dependent!
2023-04-22 20:17:18,690 [Worker-52: Building] INFO  o.e.m.c.i.embedder.EclipseLogger - skip non existing resourceDirectory C:\WorkSpace\Eclipse\WorkSpaceEclipse\PubliUco\PubliUcoBusiness\src\main\resources
2023-04-22 20:17:18,694 [Worker-52: Building] WARN  o.e.m.c.i.embedder.EclipseLogger - Using platform encoding (Cp1252 actually) to copy filtered resources, i.e. build is platform dependent!
2023-04-22 20:17:18,695 [Worker-52: Building] INFO  o.e.m.c.i.embedder.EclipseLogger - skip non existing resourceDirectory C:\WorkSpace\Eclipse\WorkSpaceEclipse\PubliUco\PubliUcoBusiness\src\test\resources
2023-04-22 20:17:57,656 [Worker-57: Building] WARN  o.e.m.c.i.embedder.EclipseLogger - Using platform encoding (Cp1252 actually) to copy filtered resources, i.e. build is platform dependent!
2023-04-22 20:17:57,657 [Worker-57: Building] INFO  o.e.m.c.i.embedder.EclipseLogger - skip non existing resourceDirectory C:\WorkSpace\Eclipse\WorkSpaceEclipse\PubliUco\PubliUcoCrossCutting\src\main\resources
2023-04-22 20:17:57,660 [Worker-57: Building] WARN  o.e.m.c.i.embedder.EclipseLogger - Using platform encoding (Cp1252 actually) to copy filtered resources, i.e. build is platform dependent!
2023-04-22 20:17:57,661 [Worker-57: Building] INFO  o.e.m.c.i.embedder.EclipseLogger - skip non existing resourceDirectory C:\WorkSpace\Eclipse\WorkSpaceEclipse\PubliUco\PubliUcoCrossCutting\src\test\resources
2023-04-22 20:18:34,717 [Worker-57: Building] WARN  o.e.m.c.i.embedder.EclipseLogger - Using platform encoding (Cp1252 actually) to copy filtered resources, i.e. build is platform dependent!
2023-04-22 20:18:34,720 [Worker-57: Building] INFO  o.e.m.c.i.embedder.EclipseLogger - skip non existing resourceDirectory C:\WorkSpace\Eclipse\WorkSpaceEclipse\PubliUco\PubliUcoData\src\main\resources
2023-04-22 20:18:34,723 [Worker-57: Building] WARN  o.e.m.c.i.embedder.EclipseLogger - Using platform encoding (Cp1252 actually) to copy filtered resources, i.e. build is platform dependent!
2023-04-22 20:18:34,724 [Worker-57: Building] INFO  o.e.m.c.i.embedder.EclipseLogger - skip non existing resourceDirectory C:\WorkSpace\Eclipse\WorkSpaceEclipse\PubliUco\PubliUcoData\src\test\resources
2023-04-22 20:19:03,605 [Worker-59: Building] WARN  o.e.m.c.i.embedder.EclipseLogger - Using platform encoding (Cp1252 actually) to copy filtered resources, i.e. build is platform dependent!
2023-04-22 20:19:03,610 [Worker-59: Building] INFO  o.e.m.c.i.embedder.EclipseLogger - skip non existing resourceDirectory C:\WorkSpace\Eclipse\WorkSpaceEclipse\PubliUco\PubliUcoDTO\src\main\resources
2023-04-22 20:19:03,619 [Worker-59: Building] WARN  o.e.m.c.i.embedder.EclipseLogger - Using platform encoding (Cp1252 actually) to copy filtered resources, i.e. build is platform dependent!
2023-04-22 20:19:03,622 [Worker-59: Building] INFO  o.e.m.c.i.embedder.EclipseLogger - skip non existing resourceDirectory C:\WorkSpace\Eclipse\WorkSpaceEclipse\PubliUco\PubliUcoDTO\src\test\resources
2023-04-22 20:19:19,564 [Worker-60: Building] WARN  o.e.m.c.i.embedder.EclipseLogger - Using platform encoding (Cp1252 actually) to copy filtered resources, i.e. build is platform dependent!
2023-04-22 20:19:19,565 [Worker-60: Building] INFO  o.e.m.c.i.embedder.EclipseLogger - skip non existing resourceDirectory C:\WorkSpace\Eclipse\WorkSpaceEclipse\PubliUco\PubliUcoEntities\src\main\resources
2023-04-22 20:19:19,568 [Worker-60: Building] WARN  o.e.m.c.i.embedder.EclipseLogger - Using platform encoding (Cp1252 actually) to copy filtered resources, i.e. build is platform dependent!
2023-04-22 20:19:19,571 [Worker-60: Building] INFO  o.e.m.c.i.embedder.EclipseLogger - skip non existing resourceDirectory C:\WorkSpace\Eclipse\WorkSpaceEclipse\PubliUco\PubliUcoEntities\src\test\resources
2023-04-22 20:20:29,462 [Worker-57: Building] WARN  o.e.m.c.i.embedder.EclipseLogger - Using platform encoding (Cp1252 actually) to copy filtered resources, i.e. build is platform dependent!
2023-04-22 20:20:29,463 [Worker-57: Building] INFO  o.e.m.c.i.embedder.EclipseLogger - skip non existing resourceDirectory C:\WorkSpace\Eclipse\WorkSpaceEclipse\PubliUco\PubliUcoBusiness\src\main\resources
2023-04-22 20:20:29,465 [Worker-57: Building] WARN  o.e.m.c.i.embedder.EclipseLogger - Using platform encoding (Cp1252 actually) to copy filtered resources, i.e. build is platform dependent!
2023-04-22 20:20:29,466 [Worker-57: Building] INFO  o.e.m.c.i.embedder.EclipseLogger - skip non existing resourceDirectory C:\WorkSpace\Eclipse\WorkSpaceEclipse\PubliUco\PubliUcoBusiness\src\test\resources
2023-04-22 20:20:29,514 [Worker-57: Building] WARN  o.e.m.c.i.embedder.EclipseLogger - Using platform encoding (Cp1252 actually) to copy filtered resources, i.e. build is platform dependent!
2023-04-22 20:20:29,515 [Worker-57: Building] INFO  o.e.m.c.i.embedder.EclipseLogger - skip non existing resourceDirectory C:\WorkSpace\Eclipse\WorkSpaceEclipse\PubliUco\PubliUcoCrossCutting\src\main\resources
2023-04-22 20:20:29,518 [Worker-57: Building] WARN  o.e.m.c.i.embedder.EclipseLogger - Using platform encoding (Cp1252 actually) to copy filtered resources, i.e. build is platform dependent!
2023-04-22 20:20:29,520 [Worker-57: Building] INFO  o.e.m.c.i.embedder.EclipseLogger - skip non existing resourceDirectory C:\WorkSpace\Eclipse\WorkSpaceEclipse\PubliUco\PubliUcoCrossCutting\src\test\resources
2023-04-22 20:20:29,577 [Worker-57: Building] WARN  o.e.m.c.i.embedder.EclipseLogger - Using platform encoding (Cp1252 actually) to copy filtered resources, i.e. build is platform dependent!
2023-04-22 20:20:29,578 [Worker-57: Building] INFO  o.e.m.c.i.embedder.EclipseLogger - skip non existing resourceDirectory C:\WorkSpace\Eclipse\WorkSpaceEclipse\PubliUco\PubliUcoDTO\src\main\resources
2023-04-22 20:20:29,587 [Worker-57: Building] WARN  o.e.m.c.i.embedder.EclipseLogger - Using platform encoding (Cp1252 actually) to copy filtered resources, i.e. build is platform dependent!
2023-04-22 20:20:29,588 [Worker-57: Building] INFO  o.e.m.c.i.embedder.EclipseLogger - skip non existing resourceDirectory C:\WorkSpace\Eclipse\WorkSpaceEclipse\PubliUco\PubliUcoDTO\src\test\resources
2023-04-22 20:20:29,630 [Worker-57: Building] WARN  o.e.m.c.i.embedder.EclipseLogger - Using platform encoding (Cp1252 actually) to copy filtered resources, i.e. build is platform dependent!
2023-04-22 20:20:29,631 [Worker-57: Building] INFO  o.e.m.c.i.embedder.EclipseLogger - skip non existing resourceDirectory C:\WorkSpace\Eclipse\WorkSpaceEclipse\PubliUco\PubliUcoData\src\main\resources
2023-04-22 20:20:29,636 [Worker-57: Building] WARN  o.e.m.c.i.embedder.EclipseLogger - Using platform encoding (Cp1252 actually) to copy filtered resources, i.e. build is platform dependent!
2023-04-22 20:20:29,637 [Worker-57: Building] INFO  o.e.m.c.i.embedder.EclipseLogger - skip non existing resourceDirectory C:\WorkSpace\Eclipse\WorkSpaceEclipse\PubliUco\PubliUcoData\src\test\resources
2023-04-22 20:20:29,676 [Worker-57: Building] WARN  o.e.m.c.i.embedder.EclipseLogger - Using platform encoding (Cp1252 actually) to copy filtered resources, i.e. build is platform dependent!
2023-04-22 20:20:29,677 [Worker-57: Building] INFO  o.e.m.c.i.embedder.EclipseLogger - skip non existing resourceDirectory C:\WorkSpace\Eclipse\WorkSpaceEclipse\PubliUco\PubliUcoEntities\src\main\resources
2023-04-22 20:20:29,679 [Worker-57: Building] WARN  o.e.m.c.i.embedder.EclipseLogger - Using platform encoding (Cp1252 actually) to copy filtered resources, i.e. build is platform dependent!
2023-04-22 20:20:29,683 [Worker-57: Building] INFO  o.e.m.c.i.embedder.EclipseLogger - skip non existing resourceDirectory C:\WorkSpace\Eclipse\WorkSpaceEclipse\PubliUco\PubliUcoEntities\src\test\resources
2023-04-22 20:20:50,136 [Worker-52: Building] WARN  o.e.m.c.i.embedder.EclipseLogger - Using platform encoding (Cp1252 actually) to copy filtered resources, i.e. build is platform dependent!
2023-04-22 20:20:50,137 [Worker-52: Building] INFO  o.e.m.c.i.embedder.EclipseLogger - skip non existing resourceDirectory C:\WorkSpace\Eclipse\WorkSpaceEclipse\PubliUco\PubliUcoBusiness\src\main\resources
2023-04-22 20:20:50,139 [Worker-52: Building] WARN  o.e.m.c.i.embedder.EclipseLogger - Using platform encoding (Cp1252 actually) to copy filtered resources, i.e. build is platform dependent!
2023-04-22 20:20:50,141 [Worker-52: Building] INFO  o.e.m.c.i.embedder.EclipseLogger - skip non existing resourceDirectory C:\WorkSpace\Eclipse\WorkSpaceEclipse\PubliUco\PubliUcoBusiness\src\test\resources
2023-04-22 20:20:50,279 [Worker-52: Building] WARN  o.e.m.c.i.embedder.EclipseLogger - Using platform encoding (Cp1252 actually) to copy filtered resources, i.e. build is platform dependent!
2023-04-22 20:20:50,280 [Worker-52: Building] INFO  o.e.m.c.i.embedder.EclipseLogger - skip non existing resourceDirectory C:\WorkSpace\Eclipse\WorkSpaceEclipse\PubliUco\PubliUcoCrossCutting\src\main\resources
2023-04-22 20:20:50,281 [Worker-52: Building] WARN  o.e.m.c.i.embedder.EclipseLogger - Using platform encoding (Cp1252 actually) to copy filtered resources, i.e. build is platform dependent!
2023-04-22 20:20:50,282 [Worker-52: Building] INFO  o.e.m.c.i.embedder.EclipseLogger - skip non existing resourceDirectory C:\WorkSpace\Eclipse\WorkSpaceEclipse\PubliUco\PubliUcoCrossCutting\src\test\resources
2023-04-22 20:20:50,314 [Worker-52: Building] WARN  o.e.m.c.i.embedder.EclipseLogger - Using platform encoding (Cp1252 actually) to copy filtered resources, i.e. build is platform dependent!
2023-04-22 20:20:50,315 [Worker-52: Building] INFO  o.e.m.c.i.embedder.EclipseLogger - skip non existing resourceDirectory C:\WorkSpace\Eclipse\WorkSpaceEclipse\PubliUco\PubliUcoDTO\src\main\resources
2023-04-22 20:20:50,316 [Worker-52: Building] WARN  o.e.m.c.i.embedder.EclipseLogger - Using platform encoding (Cp1252 actually) to copy filtered resources, i.e. build is platform dependent!
2023-04-22 20:20:50,317 [Worker-52: Building] INFO  o.e.m.c.i.embedder.EclipseLogger - skip non existing resourceDirectory C:\WorkSpace\Eclipse\WorkSpaceEclipse\PubliUco\PubliUcoDTO\src\test\resources
2023-04-22 20:20:50,346 [Worker-52: Building] WARN  o.e.m.c.i.embedder.EclipseLogger - Using platform encoding (Cp1252 actually) to copy filtered resources, i.e. build is platform dependent!
2023-04-22 20:20:50,347 [Worker-52: Building] INFO  o.e.m.c.i.embedder.EclipseLogger - skip non existing resourceDirectory C:\WorkSpace\Eclipse\WorkSpaceEclipse\PubliUco\PubliUcoData\src\main\resources
2023-04-22 20:20:50,349 [Worker-52: Building] WARN  o.e.m.c.i.embedder.EclipseLogger - Using platform encoding (Cp1252 actually) to copy filtered resources, i.e. build is platform dependent!
2023-04-22 20:20:50,351 [Worker-52: Building] INFO  o.e.m.c.i.embedder.EclipseLogger - skip non existing resourceDirectory C:\WorkSpace\Eclipse\WorkSpaceEclipse\PubliUco\PubliUcoData\src\test\resources
2023-04-22 20:20:50,385 [Worker-52: Building] WARN  o.e.m.c.i.embedder.EclipseLogger - Using platform encoding (Cp1252 actually) to copy filtered resources, i.e. build is platform dependent!
2023-04-22 20:20:50,385 [Worker-52: Building] INFO  o.e.m.c.i.embedder.EclipseLogger - skip non existing resourceDirectory C:\WorkSpace\Eclipse\WorkSpaceEclipse\PubliUco\PubliUcoEntities\src\main\resources
2023-04-22 20:20:50,386 [Worker-52: Building] WARN  o.e.m.c.i.embedder.EclipseLogger - Using platform encoding (Cp1252 actually) to copy filtered resources, i.e. build is platform dependent!
2023-04-22 20:20:50,387 [Worker-52: Building] INFO  o.e.m.c.i.embedder.EclipseLogger - skip non existing resourceDirectory C:\WorkSpace\Eclipse\WorkSpaceEclipse\PubliUco\PubliUcoEntities\src\test\resources
2023-04-22 20:22:52,634 [Worker-61: Updating Maven Project] INFO  o.e.m.c.i.p.ProjectConfigurationManager - Update started
2023-04-22 20:22:56,777 [Worker-61: Updating Maven Project] INFO  o.e.m.c.i.l.LifecycleMappingFactory - Using org.eclipse.m2e.jdt.JarLifecycleMapping lifecycle mapping for MavenProject: co.edu.uco.publiuco:PubliUcoBusiness:0.0.1-SNAPSHOT @ C:\WorkSpace\Eclipse\WorkSpaceEclipse\PubliUco\PubliUcoBusiness\pom.xml.
2023-04-22 20:22:56,816 [Worker-61: Updating Maven Project] INFO  o.e.m.c.i.l.LifecycleMappingFactory - Using org.eclipse.m2e.jdt.JarLifecycleMapping lifecycle mapping for MavenProject: co.edu.uco.publiuco:PubliUcoCrossCutting:0.0.1-SNAPSHOT @ C:\WorkSpace\Eclipse\WorkSpaceEclipse\PubliUco\PubliUcoCrossCutting\pom.xml.
2023-04-22 20:22:56,858 [Worker-61: Updating Maven Project] INFO  o.e.m.c.i.l.LifecycleMappingFactory - Using org.eclipse.m2e.jdt.JarLifecycleMapping lifecycle mapping for MavenProject: co.edu.uco.publiuco:PubliUcoData:0.0.1-SNAPSHOT @ C:\WorkSpace\Eclipse\WorkSpaceEclipse\PubliUco\PubliUcoData\pom.xml.
2023-04-22 20:22:56,894 [Worker-61: Updating Maven Project] INFO  o.e.m.c.i.l.LifecycleMappingFactory - Using org.eclipse.m2e.jdt.JarLifecycleMapping lifecycle mapping for MavenProject: co.edu.uco.publiuco:PubliUcoDTO:0.0.1-SNAPSHOT @ C:\WorkSpace\Eclipse\WorkSpaceEclipse\PubliUco\PubliUcoDTO\pom.xml.
2023-04-22 20:22:56,937 [Worker-61: Updating Maven Project] INFO  o.e.m.c.i.l.LifecycleMappingFactory - Using org.eclipse.m2e.jdt.JarLifecycleMapping lifecycle mapping for MavenProject: co.edu.uco.publiuco:PubliUcoEntities:0.0.1-SNAPSHOT @ C:\WorkSpace\Eclipse\WorkSpaceEclipse\PubliUco\PubliUcoEntities\pom.xml.
2023-04-22 20:22:58,150 [Worker-61: Updating Maven Project] INFO  o.e.m.j.i.AbstractJavaProjectConfigurator - Adding source folder /PubliUcoBusiness/src
2023-04-22 20:22:58,150 [Worker-61: Updating Maven Project] INFO  o.e.m.j.i.AbstractJavaProjectConfigurator - Not adding source folder /PubliUcoBusiness/src/test/java because it overlaps with /PubliUcoBusiness/src
2023-04-22 20:22:58,150 [Worker-61: Updating Maven Project] ERROR o.e.m.j.i.AbstractJavaProjectConfigurator - Failed to find a compatible VM for environment id 'JavaSE-19', falling back to workspace default
2023-04-22 20:22:58,207 [Worker-61: Updating Maven Project] INFO  o.e.m.j.i.AbstractJavaProjectConfigurator - Adding source folder /PubliUcoCrossCutting/src
2023-04-22 20:22:58,207 [Worker-61: Updating Maven Project] INFO  o.e.m.j.i.AbstractJavaProjectConfigurator - Not adding source folder /PubliUcoCrossCutting/src/test/java because it overlaps with /PubliUcoCrossCutting/src
2023-04-22 20:22:58,207 [Worker-61: Updating Maven Project] ERROR o.e.m.j.i.AbstractJavaProjectConfigurator - Failed to find a compatible VM for environment id 'JavaSE-19', falling back to workspace default
2023-04-22 20:22:58,260 [Worker-61: Updating Maven Project] INFO  o.e.m.j.i.AbstractJavaProjectConfigurator - Adding source folder /PubliUcoData/src
2023-04-22 20:22:58,260 [Worker-61: Updating Maven Project] INFO  o.e.m.j.i.AbstractJavaProjectConfigurator - Not adding source folder /PubliUcoData/src/test/java because it overlaps with /PubliUcoData/src
2023-04-22 20:22:58,261 [Worker-61: Updating Maven Project] ERROR o.e.m.j.i.AbstractJavaProjectConfigurator - Failed to find a compatible VM for environment id 'JavaSE-19', falling back to workspace default
2023-04-22 20:22:58,384 [Worker-61: Updating Maven Project] INFO  o.e.m.j.i.AbstractJavaProjectConfigurator - Adding source folder /PubliUcoDTO/src
2023-04-22 20:22:58,384 [Worker-61: Updating Maven Project] INFO  o.e.m.j.i.AbstractJavaProjectConfigurator - Not adding source folder /PubliUcoDTO/src/test/java because it overlaps with /PubliUcoDTO/src
2023-04-22 20:22:58,384 [Worker-61: Updating Maven Project] ERROR o.e.m.j.i.AbstractJavaProjectConfigurator - Failed to find a compatible VM for environment id 'JavaSE-19', falling back to workspace default
2023-04-22 20:22:58,500 [Worker-61: Updating Maven Project] INFO  o.e.m.j.i.AbstractJavaProjectConfigurator - Adding source folder /PubliUcoEntities/src
2023-04-22 20:22:58,500 [Worker-61: Updating Maven Project] INFO  o.e.m.j.i.AbstractJavaProjectConfigurator - Not adding source folder /PubliUcoEntities/src/test/java because it overlaps with /PubliUcoEntities/src
2023-04-22 20:22:58,500 [Worker-61: Updating Maven Project] ERROR o.e.m.j.i.AbstractJavaProjectConfigurator - Failed to find a compatible VM for environment id 'JavaSE-19', falling back to workspace default
2023-04-22 20:22:58,869 [Worker-61: Updating Maven Project] INFO  o.e.m.c.i.p.ProjectConfigurationManager - Update completed for 5 poms: local refresh takes 0,00 sec, refresh facades takes 4,00 sec, update config takes 1,00 sec 
2023-04-22 20:22:59,027 [Worker-64: Building] WARN  o.e.m.c.i.embedder.EclipseLogger - Using platform encoding (Cp1252 actually) to copy filtered resources, i.e. build is platform dependent!
2023-04-22 20:22:59,028 [Worker-64: Building] INFO  o.e.m.c.i.embedder.EclipseLogger - skip non existing resourceDirectory C:\WorkSpace\Eclipse\WorkSpaceEclipse\PubliUco\PubliUcoBusiness\src\main\resources
2023-04-22 20:22:59,030 [Worker-64: Building] WARN  o.e.m.c.i.embedder.EclipseLogger - Using platform encoding (Cp1252 actually) to copy filtered resources, i.e. build is platform dependent!
2023-04-22 20:22:59,031 [Worker-64: Building] INFO  o.e.m.c.i.embedder.EclipseLogger - skip non existing resourceDirectory C:\WorkSpace\Eclipse\WorkSpaceEclipse\PubliUco\PubliUcoBusiness\src\test\resources
2023-04-22 20:22:59,553 [Worker-64: Building] WARN  o.e.m.c.i.embedder.EclipseLogger - Using platform encoding (Cp1252 actually) to copy filtered resources, i.e. build is platform dependent!
2023-04-22 20:22:59,554 [Worker-64: Building] INFO  o.e.m.c.i.embedder.EclipseLogger - skip non existing resourceDirectory C:\WorkSpace\Eclipse\WorkSpaceEclipse\PubliUco\PubliUcoCrossCutting\src\main\resources
2023-04-22 20:22:59,555 [Worker-64: Building] WARN  o.e.m.c.i.embedder.EclipseLogger - Using platform encoding (Cp1252 actually) to copy filtered resources, i.e. build is platform dependent!
2023-04-22 20:22:59,556 [Worker-64: Building] INFO  o.e.m.c.i.embedder.EclipseLogger - skip non existing resourceDirectory C:\WorkSpace\Eclipse\WorkSpaceEclipse\PubliUco\PubliUcoCrossCutting\src\test\resources
2023-04-22 20:22:59,691 [Worker-64: Building] WARN  o.e.m.c.i.embedder.EclipseLogger - Using platform encoding (Cp1252 actually) to copy filtered resources, i.e. build is platform dependent!
2023-04-22 20:22:59,692 [Worker-64: Building] INFO  o.e.m.c.i.embedder.EclipseLogger - skip non existing resourceDirectory C:\WorkSpace\Eclipse\WorkSpaceEclipse\PubliUco\PubliUcoDTO\src\main\resources
2023-04-22 20:22:59,693 [Worker-64: Building] WARN  o.e.m.c.i.embedder.EclipseLogger - Using platform encoding (Cp1252 actually) to copy filtered resources, i.e. build is platform dependent!
2023-04-22 20:22:59,694 [Worker-64: Building] INFO  o.e.m.c.i.embedder.EclipseLogger - skip non existing resourceDirectory C:\WorkSpace\Eclipse\WorkSpaceEclipse\PubliUco\PubliUcoDTO\src\test\resources
2023-04-22 20:22:59,720 [Worker-64: Building] WARN  o.e.m.c.i.embedder.EclipseLogger - Using platform encoding (Cp1252 actually) to copy filtered resources, i.e. build is platform dependent!
2023-04-22 20:22:59,720 [Worker-64: Building] INFO  o.e.m.c.i.embedder.EclipseLogger - skip non existing resourceDirectory C:\WorkSpace\Eclipse\WorkSpaceEclipse\PubliUco\PubliUcoData\src\main\resources
2023-04-22 20:22:59,722 [Worker-64: Building] WARN  o.e.m.c.i.embedder.EclipseLogger - Using platform encoding (Cp1252 actually) to copy filtered resources, i.e. build is platform dependent!
2023-04-22 20:22:59,723 [Worker-64: Building] INFO  o.e.m.c.i.embedder.EclipseLogger - skip non existing resourceDirectory C:\WorkSpace\Eclipse\WorkSpaceEclipse\PubliUco\PubliUcoData\src\test\resources
2023-04-22 20:22:59,748 [Worker-64: Building] WARN  o.e.m.c.i.embedder.EclipseLogger - Using platform encoding (Cp1252 actually) to copy filtered resources, i.e. build is platform dependent!
2023-04-22 20:22:59,748 [Worker-64: Building] INFO  o.e.m.c.i.embedder.EclipseLogger - skip non existing resourceDirectory C:\WorkSpace\Eclipse\WorkSpaceEclipse\PubliUco\PubliUcoEntities\src\main\resources
2023-04-22 20:22:59,750 [Worker-64: Building] WARN  o.e.m.c.i.embedder.EclipseLogger - Using platform encoding (Cp1252 actually) to copy filtered resources, i.e. build is platform dependent!
2023-04-22 20:22:59,750 [Worker-64: Building] INFO  o.e.m.c.i.embedder.EclipseLogger - skip non existing resourceDirectory C:\WorkSpace\Eclipse\WorkSpaceEclipse\PubliUco\PubliUcoEntities\src\test\resources
2023-04-22 20:23:31,593 [Worker-69: Building] INFO  o.e.m.c.i.l.LifecycleMappingFactory - Using org.eclipse.m2e.jdt.JarLifecycleMapping lifecycle mapping for MavenProject: co.edu.uco.publiuco:PubliUcoBusiness:0.0.1-SNAPSHOT @ C:\WorkSpace\Eclipse\WorkSpaceEclipse\PubliUco\PubliUcoBusiness\pom.xml.
2023-04-22 20:23:31,607 [Worker-69: Building] INFO  o.e.m.c.i.p.WorkspaceClassifierResolverManager - Resolving P/PubliUcoCrossCutting: co.edu.uco.publiuco:PubliUcoCrossCutting:0.0.1-SNAPSHOT with classifier  to /PubliUcoCrossCutting/target/classes
2023-04-22 20:23:31,607 [Worker-69: Building] INFO  o.e.m.c.i.p.WorkspaceClassifierResolverManager - Resolving P/PubliUcoEntities: co.edu.uco.publiuco:PubliUcoEntities:0.0.1-SNAPSHOT with classifier  to /PubliUcoEntities/target/classes
2023-04-22 20:23:31,608 [Worker-69: Building] INFO  o.e.m.c.i.p.WorkspaceClassifierResolverManager - Resolving P/PubliUcoDTO: co.edu.uco.publiuco:PubliUcoDTO:0.0.1-SNAPSHOT with classifier  to /PubliUcoDTO/target/classes
2023-04-22 20:23:31,608 [Worker-69: Building] INFO  o.e.m.c.i.p.WorkspaceClassifierResolverManager - Resolving P/PubliUcoData: co.edu.uco.publiuco:PubliUcoData:0.0.1-SNAPSHOT with classifier  to /PubliUcoData/target/classes
2023-04-22 20:23:31,654 [Worker-69: Building] WARN  o.e.m.c.i.embedder.EclipseLogger - Using platform encoding (Cp1252 actually) to copy filtered resources, i.e. build is platform dependent!
2023-04-22 20:23:31,655 [Worker-69: Building] INFO  o.e.m.c.i.embedder.EclipseLogger - skip non existing resourceDirectory C:\WorkSpace\Eclipse\WorkSpaceEclipse\PubliUco\PubliUcoBusiness\src\main\resources
2023-04-22 20:23:31,658 [Worker-69: Building] WARN  o.e.m.c.i.embedder.EclipseLogger - Using platform encoding (Cp1252 actually) to copy filtered resources, i.e. build is platform dependent!
2023-04-22 20:23:31,660 [Worker-69: Building] INFO  o.e.m.c.i.embedder.EclipseLogger - skip non existing resourceDirectory C:\WorkSpace\Eclipse\WorkSpaceEclipse\PubliUco\PubliUcoBusiness\src\test\resources
2023-04-22 20:23:34,437 [Worker-67: Building] INFO  o.e.m.c.i.l.LifecycleMappingFactory - Using org.eclipse.m2e.jdt.JarLifecycleMapping lifecycle mapping for MavenProject: co.edu.uco.publiuco:PubliUcoData:0.0.1-SNAPSHOT @ C:\WorkSpace\Eclipse\WorkSpaceEclipse\PubliUco\PubliUcoData\pom.xml.
2023-04-22 20:23:34,441 [Worker-67: Building] INFO  o.e.m.c.i.p.WorkspaceClassifierResolverManager - Resolving P/PubliUcoCrossCutting: co.edu.uco.publiuco:PubliUcoCrossCutting:0.0.1-SNAPSHOT with classifier  to /PubliUcoCrossCutting/target/classes
2023-04-22 20:23:34,441 [Worker-67: Building] INFO  o.e.m.c.i.p.WorkspaceClassifierResolverManager - Resolving P/PubliUcoEntities: co.edu.uco.publiuco:PubliUcoEntities:0.0.1-SNAPSHOT with classifier  to /PubliUcoEntities/target/classes
2023-04-22 20:23:34,491 [Worker-67: Building] INFO  o.e.m.c.i.l.LifecycleMappingFactory - Using org.eclipse.m2e.jdt.JarLifecycleMapping lifecycle mapping for MavenProject: co.edu.uco.publiuco:PubliUcoBusiness:0.0.1-SNAPSHOT @ C:\WorkSpace\Eclipse\WorkSpaceEclipse\PubliUco\PubliUcoBusiness\pom.xml.
2023-04-22 20:23:34,497 [Worker-67: Building] INFO  o.e.m.c.i.p.WorkspaceClassifierResolverManager - Resolving P/PubliUcoCrossCutting: co.edu.uco.publiuco:PubliUcoCrossCutting:0.0.1-SNAPSHOT with classifier  to /PubliUcoCrossCutting/target/classes
2023-04-22 20:23:34,497 [Worker-67: Building] INFO  o.e.m.c.i.p.WorkspaceClassifierResolverManager - Resolving P/PubliUcoEntities: co.edu.uco.publiuco:PubliUcoEntities:0.0.1-SNAPSHOT with classifier  to /PubliUcoEntities/target/classes
2023-04-22 20:23:34,497 [Worker-67: Building] INFO  o.e.m.c.i.p.WorkspaceClassifierResolverManager - Resolving P/PubliUcoDTO: co.edu.uco.publiuco:PubliUcoDTO:0.0.1-SNAPSHOT with classifier  to /PubliUcoDTO/target/classes
2023-04-22 20:23:34,498 [Worker-67: Building] INFO  o.e.m.c.i.p.WorkspaceClassifierResolverManager - Resolving P/PubliUcoData: co.edu.uco.publiuco:PubliUcoData:0.0.1-SNAPSHOT with classifier  to /PubliUcoData/target/classes
2023-04-22 20:23:34,998 [Worker-67: Building] WARN  o.e.m.c.i.embedder.EclipseLogger - Using platform encoding (Cp1252 actually) to copy filtered resources, i.e. build is platform dependent!
2023-04-22 20:23:34,999 [Worker-67: Building] INFO  o.e.m.c.i.embedder.EclipseLogger - skip non existing resourceDirectory C:\WorkSpace\Eclipse\WorkSpaceEclipse\PubliUco\PubliUcoData\src\main\resources
2023-04-22 20:23:35,001 [Worker-67: Building] WARN  o.e.m.c.i.embedder.EclipseLogger - Using platform encoding (Cp1252 actually) to copy filtered resources, i.e. build is platform dependent!
2023-04-22 20:23:35,002 [Worker-67: Building] INFO  o.e.m.c.i.embedder.EclipseLogger - skip non existing resourceDirectory C:\WorkSpace\Eclipse\WorkSpaceEclipse\PubliUco\PubliUcoData\src\test\resources
2023-04-22 20:23:36,336 [Worker-68: Building] INFO  o.e.m.c.i.l.LifecycleMappingFactory - Using org.eclipse.m2e.jdt.JarLifecycleMapping lifecycle mapping for MavenProject: co.edu.uco.publiuco:PubliUcoEntities:0.0.1-SNAPSHOT @ C:\WorkSpace\Eclipse\WorkSpaceEclipse\PubliUco\PubliUcoEntities\pom.xml.
2023-04-22 20:23:36,339 [Worker-68: Building] INFO  o.e.m.c.i.p.WorkspaceClassifierResolverManager - Resolving P/PubliUcoCrossCutting: co.edu.uco.publiuco:PubliUcoCrossCutting:0.0.1-SNAPSHOT with classifier  to /PubliUcoCrossCutting/target/classes
2023-04-22 20:23:36,383 [Worker-68: Building] INFO  o.e.m.c.i.l.LifecycleMappingFactory - Using org.eclipse.m2e.jdt.JarLifecycleMapping lifecycle mapping for MavenProject: co.edu.uco.publiuco:PubliUcoData:0.0.1-SNAPSHOT @ C:\WorkSpace\Eclipse\WorkSpaceEclipse\PubliUco\PubliUcoData\pom.xml.
2023-04-22 20:23:36,385 [Worker-68: Building] INFO  o.e.m.c.i.p.WorkspaceClassifierResolverManager - Resolving P/PubliUcoCrossCutting: co.edu.uco.publiuco:PubliUcoCrossCutting:0.0.1-SNAPSHOT with classifier  to /PubliUcoCrossCutting/target/classes
2023-04-22 20:23:36,385 [Worker-68: Building] INFO  o.e.m.c.i.p.WorkspaceClassifierResolverManager - Resolving P/PubliUcoEntities: co.edu.uco.publiuco:PubliUcoEntities:0.0.1-SNAPSHOT with classifier  to /PubliUcoEntities/target/classes
2023-04-22 20:23:36,431 [Worker-68: Building] INFO  o.e.m.c.i.l.LifecycleMappingFactory - Using org.eclipse.m2e.jdt.JarLifecycleMapping lifecycle mapping for MavenProject: co.edu.uco.publiuco:PubliUcoBusiness:0.0.1-SNAPSHOT @ C:\WorkSpace\Eclipse\WorkSpaceEclipse\PubliUco\PubliUcoBusiness\pom.xml.
2023-04-22 20:23:36,434 [Worker-68: Building] INFO  o.e.m.c.i.p.WorkspaceClassifierResolverManager - Resolving P/PubliUcoCrossCutting: co.edu.uco.publiuco:PubliUcoCrossCutting:0.0.1-SNAPSHOT with classifier  to /PubliUcoCrossCutting/target/classes
2023-04-22 20:23:36,435 [Worker-68: Building] INFO  o.e.m.c.i.p.WorkspaceClassifierResolverManager - Resolving P/PubliUcoEntities: co.edu.uco.publiuco:PubliUcoEntities:0.0.1-SNAPSHOT with classifier  to /PubliUcoEntities/target/classes
2023-04-22 20:23:36,435 [Worker-68: Building] INFO  o.e.m.c.i.p.WorkspaceClassifierResolverManager - Resolving P/PubliUcoDTO: co.edu.uco.publiuco:PubliUcoDTO:0.0.1-SNAPSHOT with classifier  to /PubliUcoDTO/target/classes
2023-04-22 20:23:36,435 [Worker-68: Building] INFO  o.e.m.c.i.p.WorkspaceClassifierResolverManager - Resolving P/PubliUcoData: co.edu.uco.publiuco:PubliUcoData:0.0.1-SNAPSHOT with classifier  to /PubliUcoData/target/classes
2023-04-22 20:23:36,508 [Worker-68: Building] WARN  o.e.m.c.i.embedder.EclipseLogger - Using platform encoding (Cp1252 actually) to copy filtered resources, i.e. build is platform dependent!
2023-04-22 20:23:36,509 [Worker-68: Building] INFO  o.e.m.c.i.embedder.EclipseLogger - skip non existing resourceDirectory C:\WorkSpace\Eclipse\WorkSpaceEclipse\PubliUco\PubliUcoEntities\src\main\resources
2023-04-22 20:23:36,511 [Worker-68: Building] WARN  o.e.m.c.i.embedder.EclipseLogger - Using platform encoding (Cp1252 actually) to copy filtered resources, i.e. build is platform dependent!
2023-04-22 20:23:36,513 [Worker-68: Building] INFO  o.e.m.c.i.embedder.EclipseLogger - skip non existing resourceDirectory C:\WorkSpace\Eclipse\WorkSpaceEclipse\PubliUco\PubliUcoEntities\src\test\resources
2023-04-22 20:23:40,350 [Worker-68: Building] INFO  o.e.m.c.i.l.LifecycleMappingFactory - Using org.eclipse.m2e.jdt.JarLifecycleMapping lifecycle mapping for MavenProject: co.edu.uco.publiuco:PubliUcoDTO:0.0.1-SNAPSHOT @ C:\WorkSpace\Eclipse\WorkSpaceEclipse\PubliUco\PubliUcoDTO\pom.xml.
2023-04-22 20:23:40,353 [Worker-68: Building] INFO  o.e.m.c.i.p.WorkspaceClassifierResolverManager - Resolving P/PubliUcoCrossCutting: co.edu.uco.publiuco:PubliUcoCrossCutting:0.0.1-SNAPSHOT with classifier  to /PubliUcoCrossCutting/target/classes
2023-04-22 20:23:40,391 [Worker-68: Building] INFO  o.e.m.c.i.l.LifecycleMappingFactory - Using org.eclipse.m2e.jdt.JarLifecycleMapping lifecycle mapping for MavenProject: co.edu.uco.publiuco:PubliUcoBusiness:0.0.1-SNAPSHOT @ C:\WorkSpace\Eclipse\WorkSpaceEclipse\PubliUco\PubliUcoBusiness\pom.xml.
2023-04-22 20:23:40,396 [Worker-68: Building] INFO  o.e.m.c.i.p.WorkspaceClassifierResolverManager - Resolving P/PubliUcoCrossCutting: co.edu.uco.publiuco:PubliUcoCrossCutting:0.0.1-SNAPSHOT with classifier  to /PubliUcoCrossCutting/target/classes
2023-04-22 20:23:40,397 [Worker-68: Building] INFO  o.e.m.c.i.p.WorkspaceClassifierResolverManager - Resolving P/PubliUcoEntities: co.edu.uco.publiuco:PubliUcoEntities:0.0.1-SNAPSHOT with classifier  to /PubliUcoEntities/target/classes
2023-04-22 20:23:40,397 [Worker-68: Building] INFO  o.e.m.c.i.p.WorkspaceClassifierResolverManager - Resolving P/PubliUcoDTO: co.edu.uco.publiuco:PubliUcoDTO:0.0.1-SNAPSHOT with classifier  to /PubliUcoDTO/target/classes
2023-04-22 20:23:40,397 [Worker-68: Building] INFO  o.e.m.c.i.p.WorkspaceClassifierResolverManager - Resolving P/PubliUcoData: co.edu.uco.publiuco:PubliUcoData:0.0.1-SNAPSHOT with classifier  to /PubliUcoData/target/classes
2023-04-22 20:23:40,455 [Worker-68: Building] WARN  o.e.m.c.i.embedder.EclipseLogger - Using platform encoding (Cp1252 actually) to copy filtered resources, i.e. build is platform dependent!
2023-04-22 20:23:40,457 [Worker-68: Building] INFO  o.e.m.c.i.embedder.EclipseLogger - skip non existing resourceDirectory C:\WorkSpace\Eclipse\WorkSpaceEclipse\PubliUco\PubliUcoDTO\src\main\resources
2023-04-22 20:23:40,459 [Worker-68: Building] WARN  o.e.m.c.i.embedder.EclipseLogger - Using platform encoding (Cp1252 actually) to copy filtered resources, i.e. build is platform dependent!
2023-04-22 20:23:40,460 [Worker-68: Building] INFO  o.e.m.c.i.embedder.EclipseLogger - skip non existing resourceDirectory C:\WorkSpace\Eclipse\WorkSpaceEclipse\PubliUco\PubliUcoDTO\src\test\resources
2023-04-22 20:27:48,314 [Worker-64: Building] WARN  o.e.m.c.i.embedder.EclipseLogger - Using platform encoding (Cp1252 actually) to copy filtered resources, i.e. build is platform dependent!
2023-04-22 20:27:48,317 [Worker-64: Building] INFO  o.e.m.c.i.embedder.EclipseLogger - skip non existing resourceDirectory C:\WorkSpace\Eclipse\WorkSpaceEclipse\PubliUco\PubliUcoDTO\src\main\resources
2023-04-22 20:27:48,320 [Worker-64: Building] WARN  o.e.m.c.i.embedder.EclipseLogger - Using platform encoding (Cp1252 actually) to copy filtered resources, i.e. build is platform dependent!
2023-04-22 20:27:48,321 [Worker-64: Building] INFO  o.e.m.c.i.embedder.EclipseLogger - skip non existing resourceDirectory C:\WorkSpace\Eclipse\WorkSpaceEclipse\PubliUco\PubliUcoDTO\src\test\resources
2023-04-22 20:32:05,583 [Worker-64: Building] WARN  o.e.m.c.i.embedder.EclipseLogger - Using platform encoding (Cp1252 actually) to copy filtered resources, i.e. build is platform dependent!
2023-04-22 20:32:05,584 [Worker-64: Building] INFO  o.e.m.c.i.embedder.EclipseLogger - skip non existing resourceDirectory C:\WorkSpace\Eclipse\WorkSpaceEclipse\PubliUco\PubliUcoDTO\src\main\resources
2023-04-22 20:32:05,586 [Worker-64: Building] WARN  o.e.m.c.i.embedder.EclipseLogger - Using platform encoding (Cp1252 actually) to copy filtered resources, i.e. build is platform dependent!
2023-04-22 20:32:05,587 [Worker-64: Building] INFO  o.e.m.c.i.embedder.EclipseLogger - skip non existing resourceDirectory C:\WorkSpace\Eclipse\WorkSpaceEclipse\PubliUco\PubliUcoDTO\src\test\resources
